{"/Users/texeirareborn/Desktop/17356/dronuts2022-group-6/app/schema/customerSchema.ts": {"path":"/Users/texeirareborn/Desktop/17356/dronuts2022-group-6/app/schema/customerSchema.ts","statementMap":{"0":{"start":{"line":1,"column":0},"end":{"line":1,"column":32}},"1":{"start":{"line":3,"column":19},"end":{"line":3,"column":27}},"2":{"start":{"line":6,"column":23},"end":{"line":44,"column":2}},"3":{"start":{"line":27,"column":8},"end":{"line":27,"column":71}},"4":{"start":{"line":36,"column":8},"end":{"line":36,"column":43}},"5":{"start":{"line":48,"column":9},"end":{"line":48,"column":23}},"6":{"start":{"line":46,"column":22},"end":{"line":46,"column":64}},"7":{"start":{"line":48,"column":25},"end":{"line":48,"column":38}}},"fnMap":{"0":{"name":"(anonymous_1)","decl":{"start":{"line":26,"column":17},"end":{"line":26,"column":27}},"loc":{"start":{"line":26,"column":36},"end":{"line":28,"column":7}}},"1":{"name":"(anonymous_2)","decl":{"start":{"line":35,"column":17},"end":{"line":35,"column":27}},"loc":{"start":{"line":35,"column":36},"end":{"line":37,"column":7}}}},"branchMap":{},"s":{"0":3,"1":3,"2":3,"3":3,"4":3,"5":3,"6":3,"7":3},"f":{"0":3,"1":3},"b":{}}
,"/Users/texeirareborn/Desktop/17356/dronuts2022-group-6/app/schema/donutSchema.ts": {"path":"/Users/texeirareborn/Desktop/17356/dronuts2022-group-6/app/schema/donutSchema.ts","statementMap":{"0":{"start":{"line":1,"column":0},"end":{"line":1,"column":32}},"1":{"start":{"line":3,"column":19},"end":{"line":3,"column":27}},"2":{"start":{"line":5,"column":20},"end":{"line":45,"column":2}},"3":{"start":{"line":18,"column":16},"end":{"line":18,"column":null}},"4":{"start":{"line":29,"column":16},"end":{"line":29,"column":null}},"5":{"start":{"line":39,"column":16},"end":{"line":39,"column":null}},"6":{"start":{"line":47,"column":19},"end":{"line":47,"column":55}},"7":{"start":{"line":48,"column":8},"end":{"line":48,"column":18}}},"fnMap":{"0":{"name":"(anonymous_1)","decl":{"start":{"line":17,"column":23},"end":{"line":17,"column":24}},"loc":{"start":{"line":17,"column":37},"end":{"line":19,"column":13}}},"1":{"name":"(anonymous_2)","decl":{"start":{"line":28,"column":23},"end":{"line":28,"column":24}},"loc":{"start":{"line":28,"column":37},"end":{"line":30,"column":13}}},"2":{"name":"(anonymous_3)","decl":{"start":{"line":38,"column":23},"end":{"line":38,"column":24}},"loc":{"start":{"line":38,"column":37},"end":{"line":40,"column":13}}}},"branchMap":{},"s":{"0":2,"1":2,"2":2,"3":2,"4":3,"5":2,"6":2,"7":2},"f":{"0":2,"1":3,"2":2},"b":{}}
,"/Users/texeirareborn/Desktop/17356/dronuts2022-group-6/app/schema/droneSchema.ts": {"path":"/Users/texeirareborn/Desktop/17356/dronuts2022-group-6/app/schema/droneSchema.ts","statementMap":{"0":{"start":{"line":1,"column":0},"end":{"line":1,"column":32}},"1":{"start":{"line":3,"column":19},"end":{"line":3,"column":27}},"2":{"start":{"line":5,"column":0},"end":{"line":5,"column":null}},"3":{"start":{"line":6,"column":4},"end":{"line":6,"column":null}},"4":{"start":{"line":7,"column":4},"end":{"line":7,"column":null}},"5":{"start":{"line":8,"column":4},"end":{"line":8,"column":null}},"6":{"start":{"line":9,"column":4},"end":{"line":9,"column":null}},"7":{"start":{"line":10,"column":4},"end":{"line":10,"column":null}},"8":{"start":{"line":43,"column":21},"end":{"line":43,"column":32}},"9":{"start":{"line":13,"column":20},"end":{"line":39,"column":2}},"10":{"start":{"line":18,"column":16},"end":{"line":18,"column":null}},"11":{"start":{"line":27,"column":16},"end":{"line":27,"column":null}},"12":{"start":{"line":43,"column":8},"end":{"line":43,"column":19}},"13":{"start":{"line":41,"column":19},"end":{"line":41,"column":55}},"14":{"start":{"line":43,"column":34},"end":{"line":43,"column":44}}},"fnMap":{"0":{"name":"(anonymous_1)","decl":{"start":{"line":5,"column":0},"end":{"line":5,"column":5}},"loc":{"start":{"line":5,"column":16},"end":{"line":11,"column":1}}},"1":{"name":"(anonymous_2)","decl":{"start":{"line":17,"column":23},"end":{"line":17,"column":24}},"loc":{"start":{"line":17,"column":37},"end":{"line":19,"column":13}}},"2":{"name":"(anonymous_3)","decl":{"start":{"line":26,"column":23},"end":{"line":26,"column":24}},"loc":{"start":{"line":26,"column":37},"end":{"line":28,"column":13}}}},"branchMap":{"0":{"loc":{"start":{"line":5,"column":5},"end":{"line":5,"column":null}},"type":"binary-expr","locations":[{"start":{"line":5,"column":5},"end":{"line":5,"column":16}},{"start":{"line":5,"column":5},"end":{"line":5,"column":null}}]},"1":{"loc":{"start":{"line":27,"column":23},"end":{"line":27,"column":41}},"type":"binary-expr","locations":[{"start":{"line":27,"column":23},"end":{"line":27,"column":29}},{"start":{"line":27,"column":33},"end":{"line":27,"column":41}}]}},"s":{"0":3,"1":3,"2":3,"3":3,"4":3,"5":3,"6":3,"7":3,"8":3,"9":3,"10":2,"11":2,"12":3,"13":3,"14":3},"f":{"0":3,"1":2,"2":2},"b":{"0":[3,3],"1":[2,1]}}
,"/Users/texeirareborn/Desktop/17356/dronuts2022-group-6/app/schema/employeeSchema.ts": {"path":"/Users/texeirareborn/Desktop/17356/dronuts2022-group-6/app/schema/employeeSchema.ts","statementMap":{"0":{"start":{"line":1,"column":0},"end":{"line":1,"column":32}},"1":{"start":{"line":3,"column":19},"end":{"line":3,"column":27}},"2":{"start":{"line":5,"column":0},"end":{"line":5,"column":null}},"3":{"start":{"line":6,"column":4},"end":{"line":6,"column":null}},"4":{"start":{"line":7,"column":4},"end":{"line":7,"column":null}},"5":{"start":{"line":8,"column":4},"end":{"line":8,"column":null}},"6":{"start":{"line":57,"column":24},"end":{"line":57,"column":40}},"7":{"start":{"line":11,"column":23},"end":{"line":54,"column":2}},"8":{"start":{"line":32,"column":16},"end":{"line":32,"column":79}},"9":{"start":{"line":42,"column":16},"end":{"line":42,"column":51}},"10":{"start":{"line":56,"column":22},"end":{"line":56,"column":64}},"11":{"start":{"line":57,"column":9},"end":{"line":57,"column":22}}},"fnMap":{"0":{"name":"(anonymous_1)","decl":{"start":{"line":5,"column":0},"end":{"line":5,"column":5}},"loc":{"start":{"line":5,"column":21},"end":{"line":9,"column":1}}},"1":{"name":"(anonymous_2)","decl":{"start":{"line":31,"column":23},"end":{"line":31,"column":33}},"loc":{"start":{"line":31,"column":42},"end":{"line":33,"column":13}}},"2":{"name":"(anonymous_3)","decl":{"start":{"line":41,"column":23},"end":{"line":41,"column":33}},"loc":{"start":{"line":41,"column":42},"end":{"line":43,"column":13}}}},"branchMap":{"0":{"loc":{"start":{"line":5,"column":5},"end":{"line":5,"column":null}},"type":"binary-expr","locations":[{"start":{"line":5,"column":5},"end":{"line":5,"column":21}},{"start":{"line":5,"column":5},"end":{"line":5,"column":null}}]}},"s":{"0":1,"1":1,"2":1,"3":1,"4":1,"5":1,"6":1,"7":1,"8":3,"9":3,"10":1,"11":1},"f":{"0":1,"1":3,"2":3},"b":{"0":[1,1]}}
,"/Users/texeirareborn/Desktop/17356/dronuts2022-group-6/app/schema/orderItemsSchema.ts": {"path":"/Users/texeirareborn/Desktop/17356/dronuts2022-group-6/app/schema/orderItemsSchema.ts","statementMap":{"0":{"start":{"line":1,"column":0},"end":{"line":1,"column":32}},"1":{"start":{"line":3,"column":19},"end":{"line":3,"column":27}},"2":{"start":{"line":6,"column":25},"end":{"line":35,"column":2}},"3":{"start":{"line":18,"column":16},"end":{"line":18,"column":null}},"4":{"start":{"line":29,"column":16},"end":{"line":29,"column":null}},"5":{"start":{"line":37,"column":23},"end":{"line":37,"column":69}},"6":{"start":{"line":38,"column":8},"end":{"line":38,"column":22}}},"fnMap":{"0":{"name":"(anonymous_1)","decl":{"start":{"line":17,"column":23},"end":{"line":17,"column":24}},"loc":{"start":{"line":17,"column":37},"end":{"line":19,"column":13}}},"1":{"name":"(anonymous_2)","decl":{"start":{"line":28,"column":23},"end":{"line":28,"column":24}},"loc":{"start":{"line":28,"column":37},"end":{"line":30,"column":13}}}},"branchMap":{},"s":{"0":1,"1":1,"2":1,"3":1,"4":1,"5":1,"6":1},"f":{"0":1,"1":1},"b":{}}
,"/Users/texeirareborn/Desktop/17356/dronuts2022-group-6/app/schema/orderSchema.ts": {"path":"/Users/texeirareborn/Desktop/17356/dronuts2022-group-6/app/schema/orderSchema.ts","statementMap":{"0":{"start":{"line":1,"column":0},"end":{"line":1,"column":32}},"1":{"start":{"line":3,"column":19},"end":{"line":3,"column":27}},"2":{"start":{"line":6,"column":0},"end":{"line":6,"column":null}},"3":{"start":{"line":7,"column":4},"end":{"line":7,"column":null}},"4":{"start":{"line":8,"column":4},"end":{"line":8,"column":null}},"5":{"start":{"line":9,"column":4},"end":{"line":9,"column":null}},"6":{"start":{"line":10,"column":4},"end":{"line":10,"column":null}},"7":{"start":{"line":49,"column":20},"end":{"line":49,"column":33}},"8":{"start":{"line":13,"column":0},"end":{"line":13,"column":null}},"9":{"start":{"line":14,"column":4},"end":{"line":14,"column":null}},"10":{"start":{"line":15,"column":4},"end":{"line":15,"column":null}},"11":{"start":{"line":16,"column":4},"end":{"line":16,"column":null}},"12":{"start":{"line":17,"column":4},"end":{"line":17,"column":null}},"13":{"start":{"line":49,"column":35},"end":{"line":49,"column":41}},"14":{"start":{"line":21,"column":20},"end":{"line":46,"column":2}},"15":{"start":{"line":48,"column":19},"end":{"line":48,"column":55}},"16":{"start":{"line":49,"column":8},"end":{"line":49,"column":18}}},"fnMap":{"0":{"name":"(anonymous_1)","decl":{"start":{"line":6,"column":0},"end":{"line":6,"column":5}},"loc":{"start":{"line":6,"column":18},"end":{"line":11,"column":1}}},"1":{"name":"(anonymous_2)","decl":{"start":{"line":13,"column":0},"end":{"line":13,"column":5}},"loc":{"start":{"line":13,"column":11},"end":{"line":18,"column":1}}}},"branchMap":{"0":{"loc":{"start":{"line":6,"column":5},"end":{"line":6,"column":null}},"type":"binary-expr","locations":[{"start":{"line":6,"column":5},"end":{"line":6,"column":18}},{"start":{"line":6,"column":5},"end":{"line":6,"column":null}}]},"1":{"loc":{"start":{"line":13,"column":5},"end":{"line":13,"column":null}},"type":"binary-expr","locations":[{"start":{"line":13,"column":5},"end":{"line":13,"column":11}},{"start":{"line":13,"column":5},"end":{"line":13,"column":null}}]}},"s":{"0":2,"1":2,"2":2,"3":2,"4":2,"5":2,"6":2,"7":2,"8":2,"9":2,"10":2,"11":2,"12":2,"13":2,"14":2,"15":2,"16":2},"f":{"0":2,"1":2},"b":{"0":[2,2],"1":[2,2]}}
}
